# JRE version: OpenJDK Runtime Environment (8.0_242-b01) (build 1.8.0_242-release-1644-b01)
# Java VM: OpenJDK 64-Bit Server VM (25.242-b01 mixed mode windows-amd64 compressed oops)
Heap:
 PSYoungGen      total 133632K, used 124928K [0x00000000d5580000, 0x00000000de180000, 0x0000000100000000)
  eden space 124928K, 100% used [0x00000000d5580000,0x00000000dcf80000,0x00000000dcf80000)
  from space 8704K, 0% used [0x00000000dd900000,0x00000000dd900000,0x00000000de180000)
  to   space 9216K, 61% used [0x00000000dcf80000,0x00000000dd504010,0x00000000dd880000)
 ParOldGen       total 33792K, used 7158K [0x0000000080000000, 0x0000000082100000, 0x00000000d5580000)
  object space 33792K, 21% used [0x0000000080000000,0x00000000806fd918,0x0000000082100000)
 Metaspace       used 32567K, capacity 33634K, committed 33920K, reserved 1079296K
  class space    used 4392K, capacity 4660K, committed 4736K, reserved 1048576K
GC Heap History (10 events):
Event: 3.269 GC heap after
Heap after GC invocations=5 (full 0):
 PSYoungGen      total 34304K, used 2560K [0x00000000d5580000, 0x00000000d9e80000, 0x0000000100000000)
  eden space 31744K, 0% used [0x00000000d5580000,0x00000000d5580000,0x00000000d7480000)
  from space 2560K, 100% used [0x00000000d7480000,0x00000000d7700000,0x00000000d7700000)
  to   space 5632K, 0% used [0x00000000d9900000,0x00000000d9900000,0x00000000d9e80000)
 ParOldGen       total 42496K, used 4496K [0x0000000080000000, 0x0000000082980000, 0x00000000d5580000)
  object space 42496K, 10% used [0x0000000080000000,0x0000000080464018,0x0000000082980000)
 Metaspace       used 11226K, capacity 11530K, committed 11648K, reserved 1058816K
  class space    used 1488K, capacity 1607K, committed 1664K, reserved 1048576K
}
Event: 3.780 GC heap before
{Heap before GC invocations=6 (full 0):
 PSYoungGen      total 34304K, used 34304K [0x00000000d5580000, 0x00000000d9e80000, 0x0000000100000000)
  eden space 31744K, 100% used [0x00000000d5580000,0x00000000d7480000,0x00000000d7480000)
  from space 2560K, 100% used [0x00000000d7480000,0x00000000d7700000,0x00000000d7700000)
  to   space 5632K, 0% used [0x00000000d9900000,0x00000000d9900000,0x00000000d9e80000)
 ParOldGen       total 42496K, used 4496K [0x0000000080000000, 0x0000000082980000, 0x00000000d5580000)
  object space 42496K, 10% used [0x0000000080000000,0x0000000080464018,0x0000000082980000)
 Metaspace       used 14291K, capacity 14738K, committed 14976K, reserved 1062912K
  class space    used 1970K, capacity 2131K, committed 2176K, reserved 1048576K
Event: 3.791 GC heap after
Heap after GC invocations=6 (full 0):
 PSYoungGen      total 68096K, used 5629K [0x00000000d5580000, 0x00000000da080000, 0x0000000100000000)
  eden space 62464K, 0% used [0x00000000d5580000,0x00000000d5580000,0x00000000d9280000)
  from space 5632K, 99% used [0x00000000d9900000,0x00000000d9e7f5c0,0x00000000d9e80000)
  to   space 6656K, 0% used [0x00000000d9280000,0x00000000d9280000,0x00000000d9900000)
 ParOldGen       total 42496K, used 4715K [0x0000000080000000, 0x0000000082980000, 0x00000000d5580000)
  object space 42496K, 11% used [0x0000000080000000,0x000000008049ad40,0x0000000082980000)
 Metaspace       used 14291K, capacity 14738K, committed 14976K, reserved 1062912K
  class space    used 1970K, capacity 2131K, committed 2176K, reserved 1048576K
}
Event: 6.549 GC heap before
{Heap before GC invocations=7 (full 0):
 PSYoungGen      total 68096K, used 68093K [0x00000000d5580000, 0x00000000da080000, 0x0000000100000000)
  eden space 62464K, 100% used [0x00000000d5580000,0x00000000d9280000,0x00000000d9280000)
  from space 5632K, 99% used [0x00000000d9900000,0x00000000d9e7f5c0,0x00000000d9e80000)
  to   space 6656K, 0% used [0x00000000d9280000,0x00000000d9280000,0x00000000d9900000)
 ParOldGen       total 42496K, used 4715K [0x0000000080000000, 0x0000000082980000, 0x00000000d5580000)
  object space 42496K, 11% used [0x0000000080000000,0x000000008049ad60,0x0000000082980000)
 Metaspace       used 19894K, capacity 20624K, committed 20992K, reserved 1067008K
  class space    used 2761K, capacity 2952K, committed 3072K, reserved 1048576K
Event: 6.568 GC heap after
Heap after GC invocations=7 (full 0):
 PSYoungGen      total 69120K, used 6643K [0x00000000d5580000, 0x00000000de280000, 0x0000000100000000)
  eden space 62464K, 0% used [0x00000000d5580000,0x00000000d5580000,0x00000000d9280000)
  from space 6656K, 99% used [0x00000000d9280000,0x00000000d98fcf28,0x00000000d9900000)
  to   space 9728K, 0% used [0x00000000dd900000,0x00000000dd900000,0x00000000de280000)
 ParOldGen       total 42496K, used 8191K [0x0000000080000000, 0x0000000082980000, 0x00000000d5580000)
  object space 42496K, 19% used [0x0000000080000000,0x00000000807fffb8,0x0000000082980000)
 Metaspace       used 19894K, capacity 20624K, committed 20992K, reserved 1067008K
  class space    used 2761K, capacity 2952K, committed 3072K, reserved 1048576K
}
Event: 6.861 GC heap before
{Heap before GC invocations=8 (full 0):
 PSYoungGen      total 69120K, used 13455K [0x00000000d5580000, 0x00000000de280000, 0x0000000100000000)
  eden space 62464K, 10% used [0x00000000d5580000,0x00000000d5c26fc0,0x00000000d9280000)
  from space 6656K, 99% used [0x00000000d9280000,0x00000000d98fcf28,0x00000000d9900000)
  to   space 9728K, 0% used [0x00000000dd900000,0x00000000dd900000,0x00000000de280000)
 ParOldGen       total 42496K, used 8191K [0x0000000080000000, 0x0000000082980000, 0x00000000d5580000)
  object space 42496K, 19% used [0x0000000080000000,0x00000000807fffb8,0x0000000082980000)
 Metaspace       used 20479K, capacity 21156K, committed 21248K, reserved 1067008K
  class space    used 2857K, capacity 3036K, committed 3072K, reserved 1048576K
Event: 6.872 GC heap after
Heap after GC invocations=8 (full 0):
 PSYoungGen      total 133632K, used 4293K [0x00000000d5580000, 0x00000000de180000, 0x0000000100000000)
  eden space 124928K, 0% used [0x00000000d5580000,0x00000000d5580000,0x00000000dcf80000)
  from space 8704K, 49% used [0x00000000dd900000,0x00000000ddd314e8,0x00000000de180000)
  to   space 9216K, 0% used [0x00000000dcf80000,0x00000000dcf80000,0x00000000dd880000)
 ParOldGen       total 42496K, used 8615K [0x0000000080000000, 0x0000000082980000, 0x00000000d5580000)
  object space 42496K, 20% used [0x0000000080000000,0x0000000080869fb8,0x0000000082980000)
 Metaspace       used 20479K, capacity 21156K, committed 21248K, reserved 1067008K
  class space    used 2857K, capacity 3036K, committed 3072K, reserved 1048576K
}
Event: 6.872 GC heap before
{Heap before GC invocations=9 (full 1):
 PSYoungGen      total 133632K, used 4293K [0x00000000d5580000, 0x00000000de180000, 0x0000000100000000)
  eden space 124928K, 0% used [0x00000000d5580000,0x00000000d5580000,0x00000000dcf80000)
  from space 8704K, 49% used [0x00000000dd900000,0x00000000ddd314e8,0x00000000de180000)
  to   space 9216K, 0% used [0x00000000dcf80000,0x00000000dcf80000,0x00000000dd880000)
 ParOldGen       total 42496K, used 8615K [0x0000000080000000, 0x0000000082980000, 0x00000000d5580000)
  object space 42496K, 20% used [0x0000000080000000,0x0000000080869fb8,0x0000000082980000)
 Metaspace       used 20479K, capacity 21156K, committed 21248K, reserved 1067008K
  class space    used 2857K, capacity 3036K, committed 3072K, reserved 1048576K
Event: 6.964 GC heap after
Heap after GC invocations=9 (full 1):
 PSYoungGen      total 133632K, used 0K [0x00000000d5580000, 0x00000000de180000, 0x0000000100000000)
  eden space 124928K, 0% used [0x00000000d5580000,0x00000000d5580000,0x00000000dcf80000)
  from space 8704K, 0% used [0x00000000dd900000,0x00000000dd900000,0x00000000de180000)
  to   space 9216K, 0% used [0x00000000dcf80000,0x00000000dcf80000,0x00000000dd880000)
 ParOldGen       total 33792K, used 7147K [0x0000000080000000, 0x0000000082100000, 0x00000000d5580000)
  object space 33792K, 21% used [0x0000000080000000,0x00000000806faca0,0x0000000082100000)
 Metaspace       used 20479K, capacity 21156K, committed 21248K, reserved 1067008K
  class space    used 2857K, capacity 3036K, committed 3072K, reserved 1048576K
}
Event: 12.621 GC heap before
{Heap before GC invocations=10 (full 1):
 PSYoungGen      total 133632K, used 124928K [0x00000000d5580000, 0x00000000de180000, 0x0000000100000000)
  eden space 124928K, 100% used [0x00000000d5580000,0x00000000dcf80000,0x00000000dcf80000)
  from space 8704K, 0% used [0x00000000dd900000,0x00000000dd900000,0x00000000de180000)
  to   space 9216K, 0% used [0x00000000dcf80000,0x00000000dcf80000,0x00000000dd880000)
 ParOldGen       total 33792K, used 7150K [0x0000000080000000, 0x0000000082100000, 0x00000000d5580000)
  object space 33792K, 21% used [0x0000000080000000,0x00000000806fb918,0x0000000082100000)
 Metaspace       used 32567K, capacity 33634K, committed 33920K, reserved 1079296K
  class space    used 4392K, capacity 4660K, committed 4736K, reserved 1048576K

