# JRE version: OpenJDK Runtime Environment (8.0_242-b01) (build 1.8.0_242-release-1644-b01)
# Java VM: OpenJDK 64-Bit Server VM (25.242-b01 mixed mode windows-amd64 compressed oops)
Heap:
 PSYoungGen      total 173056K, used 7974K [0x00000000d5580000, 0x00000000e0a80000, 0x0000000100000000)
  eden space 160768K, 4% used [0x00000000d5580000,0x00000000d5d49930,0x00000000df280000)
  from space 12288K, 0% used [0x00000000df280000,0x00000000df280000,0x00000000dfe80000)
  to   space 8704K, 0% used [0x00000000e0200000,0x00000000e0200000,0x00000000e0a80000)
 ParOldGen       total 53760K, used 22755K [0x0000000080000000, 0x0000000083480000, 0x00000000d5580000)
  object space 53760K, 42% used [0x0000000080000000,0x0000000081638f88,0x0000000083480000)
 Metaspace       used 44226K, capacity 46342K, committed 46720K, reserved 1091584K
  class space    used 6019K, capacity 6457K, committed 6528K, reserved 1048576K
GC Heap History (10 events):
Event: 28.792 GC heap before
{Heap before GC invocations=14 (full 3):
 PSYoungGen      total 173056K, used 11264K [0x00000000d5580000, 0x00000000e0a80000, 0x0000000100000000)
  eden space 160768K, 0% used [0x00000000d5580000,0x00000000d5580000,0x00000000df280000)
  from space 12288K, 91% used [0x00000000df280000,0x00000000dfd80048,0x00000000dfe80000)
  to   space 8704K, 0% used [0x00000000e0200000,0x00000000e0200000,0x00000000e0a80000)
 ParOldGen       total 53760K, used 14988K [0x0000000080000000, 0x0000000083480000, 0x00000000d5580000)
  object space 53760K, 27% used [0x0000000080000000,0x0000000080ea3368,0x0000000083480000)
 Metaspace       used 39649K, capacity 41674K, committed 41728K, reserved 1089536K
  class space    used 5475K, capacity 5861K, committed 5888K, reserved 1048576K
Event: 29.046 GC heap after
Heap after GC invocations=14 (full 3):
 PSYoungGen      total 173056K, used 0K [0x00000000d5580000, 0x00000000e0a80000, 0x0000000100000000)
  eden space 160768K, 0% used [0x00000000d5580000,0x00000000d5580000,0x00000000df280000)
  from space 12288K, 0% used [0x00000000df280000,0x00000000df280000,0x00000000dfe80000)
  to   space 8704K, 0% used [0x00000000e0200000,0x00000000e0200000,0x00000000e0a80000)
 ParOldGen       total 53760K, used 24536K [0x0000000080000000, 0x0000000083480000, 0x00000000d5580000)
  object space 53760K, 45% used [0x0000000080000000,0x00000000817f60b0,0x0000000083480000)
 Metaspace       used 39640K, capacity 41644K, committed 41728K, reserved 1087488K
  class space    used 5472K, capacity 5856K, committed 5888K, reserved 1048576K
}
Event: 30.402 GC heap before
{Heap before GC invocations=15 (full 3):
 PSYoungGen      total 173056K, used 28457K [0x00000000d5580000, 0x00000000e0a80000, 0x0000000100000000)
  eden space 160768K, 17% used [0x00000000d5580000,0x00000000d714a490,0x00000000df280000)
  from space 12288K, 0% used [0x00000000df280000,0x00000000df280000,0x00000000dfe80000)
  to   space 8704K, 0% used [0x00000000e0200000,0x00000000e0200000,0x00000000e0a80000)
 ParOldGen       total 53760K, used 24536K [0x0000000080000000, 0x0000000083480000, 0x00000000d5580000)
  object space 53760K, 45% used [0x0000000080000000,0x00000000817f60b0,0x0000000083480000)
 Metaspace       used 43072K, capacity 45094K, committed 45312K, reserved 1093632K
  class space    used 5886K, capacity 6297K, committed 6400K, reserved 1048576K
Event: 30.406 GC heap after
Heap after GC invocations=15 (full 3):
 PSYoungGen      total 169472K, used 3547K [0x00000000d5580000, 0x00000000e0a80000, 0x0000000100000000)
  eden space 160768K, 0% used [0x00000000d5580000,0x00000000d5580000,0x00000000df280000)
  from space 8704K, 40% used [0x00000000e0200000,0x00000000e0576c88,0x00000000e0a80000)
  to   space 12288K, 0% used [0x00000000df280000,0x00000000df280000,0x00000000dfe80000)
 ParOldGen       total 53760K, used 24544K [0x0000000080000000, 0x0000000083480000, 0x00000000d5580000)
  object space 53760K, 45% used [0x0000000080000000,0x00000000817f80b0,0x0000000083480000)
 Metaspace       used 43072K, capacity 45094K, committed 45312K, reserved 1093632K
  class space    used 5886K, capacity 6297K, committed 6400K, reserved 1048576K
}
Event: 30.406 GC heap before
{Heap before GC invocations=16 (full 4):
 PSYoungGen      total 169472K, used 3547K [0x00000000d5580000, 0x00000000e0a80000, 0x0000000100000000)
  eden space 160768K, 0% used [0x00000000d5580000,0x00000000d5580000,0x00000000df280000)
  from space 8704K, 40% used [0x00000000e0200000,0x00000000e0576c88,0x00000000e0a80000)
  to   space 12288K, 0% used [0x00000000df280000,0x00000000df280000,0x00000000dfe80000)
 ParOldGen       total 53760K, used 24544K [0x0000000080000000, 0x0000000083480000, 0x00000000d5580000)
  object space 53760K, 45% used [0x0000000080000000,0x00000000817f80b0,0x0000000083480000)
 Metaspace       used 43072K, capacity 45094K, committed 45312K, reserved 1093632K
  class space    used 5886K, capacity 6297K, committed 6400K, reserved 1048576K
Event: 30.475 GC heap after
Heap after GC invocations=16 (full 4):
 PSYoungGen      total 169472K, used 0K [0x00000000d5580000, 0x00000000e0a80000, 0x0000000100000000)
  eden space 160768K, 0% used [0x00000000d5580000,0x00000000d5580000,0x00000000df280000)
  from space 8704K, 0% used [0x00000000e0200000,0x00000000e0200000,0x00000000e0a80000)
  to   space 12288K, 0% used [0x00000000df280000,0x00000000df280000,0x00000000dfe80000)
 ParOldGen       total 53760K, used 22929K [0x0000000080000000, 0x0000000083480000, 0x00000000d5580000)
  object space 53760K, 42% used [0x0000000080000000,0x00000000816645c8,0x0000000083480000)
 Metaspace       used 43072K, capacity 45094K, committed 45312K, reserved 1091584K
  class space    used 5886K, capacity 6297K, committed 6400K, reserved 1048576K
}
Event: 30.475 GC heap before
{Heap before GC invocations=17 (full 4):
 PSYoungGen      total 169472K, used 348K [0x00000000d5580000, 0x00000000e0a80000, 0x0000000100000000)
  eden space 160768K, 0% used [0x00000000d5580000,0x00000000d55d7168,0x00000000df280000)
  from space 8704K, 0% used [0x00000000e0200000,0x00000000e0200000,0x00000000e0a80000)
  to   space 12288K, 0% used [0x00000000df280000,0x00000000df280000,0x00000000dfe80000)
 ParOldGen       total 53760K, used 22929K [0x0000000080000000, 0x0000000083480000, 0x00000000d5580000)
  object space 53760K, 42% used [0x0000000080000000,0x00000000816645c8,0x0000000083480000)
 Metaspace       used 43072K, capacity 45094K, committed 45312K, reserved 1095680K
  class space    used 5886K, capacity 6297K, committed 6400K, reserved 1048576K
Event: 30.477 GC heap after
Heap after GC invocations=17 (full 4):
 PSYoungGen      total 173056K, used 32K [0x00000000d5580000, 0x00000000e0a80000, 0x0000000100000000)
  eden space 160768K, 0% used [0x00000000d5580000,0x00000000d5580000,0x00000000df280000)
  from space 12288K, 0% used [0x00000000df280000,0x00000000df288000,0x00000000dfe80000)
  to   space 8704K, 0% used [0x00000000e0200000,0x00000000e0200000,0x00000000e0a80000)
 ParOldGen       total 53760K, used 22929K [0x0000000080000000, 0x0000000083480000, 0x00000000d5580000)
  object space 53760K, 42% used [0x0000000080000000,0x00000000816645c8,0x0000000083480000)
 Metaspace       used 43072K, capacity 45094K, committed 45312K, reserved 1095680K
  class space    used 5886K, capacity 6297K, committed 6400K, reserved 1048576K
}
Event: 30.478 GC heap before
{Heap before GC invocations=18 (full 5):
 PSYoungGen      total 173056K, used 32K [0x00000000d5580000, 0x00000000e0a80000, 0x0000000100000000)
  eden space 160768K, 0% used [0x00000000d5580000,0x00000000d5580000,0x00000000df280000)
  from space 12288K, 0% used [0x00000000df280000,0x00000000df288000,0x00000000dfe80000)
  to   space 8704K, 0% used [0x00000000e0200000,0x00000000e0200000,0x00000000e0a80000)
 ParOldGen       total 53760K, used 22929K [0x0000000080000000, 0x0000000083480000, 0x00000000d5580000)
  object space 53760K, 42% used [0x0000000080000000,0x00000000816645c8,0x0000000083480000)
 Metaspace       used 43072K, capacity 45094K, committed 45312K, reserved 1095680K
  class space    used 5886K, capacity 6297K, committed 6400K, reserved 1048576K
Event: 30.587 GC heap after
Heap after GC invocations=18 (full 5):
 PSYoungGen      total 173056K, used 0K [0x00000000d5580000, 0x00000000e0a80000, 0x0000000100000000)
  eden space 160768K, 0% used [0x00000000d5580000,0x00000000d5580000,0x00000000df280000)
  from space 12288K, 0% used [0x00000000df280000,0x00000000df280000,0x00000000dfe80000)
  to   space 8704K, 0% used [0x00000000e0200000,0x00000000e0200000,0x00000000e0a80000)
 ParOldGen       total 53760K, used 22755K [0x0000000080000000, 0x0000000083480000, 0x00000000d5580000)
  object space 53760K, 42% used [0x0000000080000000,0x0000000081638f88,0x0000000083480000)
 Metaspace       used 43072K, capacity 45094K, committed 45312K, reserved 1091584K
  class space    used 5886K, capacity 6297K, committed 6400K, reserved 1048576K
}

