# JRE version: OpenJDK Runtime Environment (8.0_242-b01) (build 1.8.0_242-release-1644-b01)
# Java VM: OpenJDK 64-Bit Server VM (25.242-b01 mixed mode windows-amd64 compressed oops)
Heap:
 PSYoungGen      total 54272K, used 36323K [0x00000000d5580000, 0x00000000da200000, 0x0000000100000000)
  eden space 46080K, 61% used [0x00000000d5580000,0x00000000d70fc1e0,0x00000000d8280000)
  from space 8192K, 99% used [0x00000000d8d00000,0x00000000d94fcd20,0x00000000d9500000)
  to   space 10752K, 0% used [0x00000000d8280000,0x00000000d8280000,0x00000000d8d00000)
 ParOldGen       total 80384K, used 32179K [0x0000000080000000, 0x0000000084e80000, 0x00000000d5580000)
  object space 80384K, 40% used [0x0000000080000000,0x0000000081f6cee0,0x0000000084e80000)
 Metaspace       used 64778K, capacity 67492K, committed 67672K, reserved 1107968K
  class space    used 8690K, capacity 9245K, committed 9344K, reserved 1048576K
GC Heap History (10 events):
Event: 60.604 GC heap before
{Heap before GC invocations=33 (full 2):
 PSYoungGen      total 49152K, used 49123K [0x00000000d5580000, 0x00000000d9100000, 0x0000000100000000)
  eden space 43008K, 100% used [0x00000000d5580000,0x00000000d7f80000,0x00000000d7f80000)
  from space 6144K, 99% used [0x00000000d8780000,0x00000000d8d78e28,0x00000000d8d80000)
  to   space 8192K, 0% used [0x00000000d7f80000,0x00000000d7f80000,0x00000000d8780000)
 ParOldGen       total 49152K, used 23537K [0x0000000080000000, 0x0000000083000000, 0x00000000d5580000)
  object space 49152K, 47% used [0x0000000080000000,0x00000000816fc440,0x0000000083000000)
 Metaspace       used 54645K, capacity 56778K, committed 57048K, reserved 1099776K
  class space    used 7198K, capacity 7649K, committed 7680K, reserved 1048576K
Event: 60.616 GC heap after
Heap after GC invocations=33 (full 2):
 PSYoungGen      total 51200K, used 5969K [0x00000000d5580000, 0x00000000d9500000, 0x0000000100000000)
  eden space 43008K, 0% used [0x00000000d5580000,0x00000000d5580000,0x00000000d7f80000)
  from space 8192K, 72% used [0x00000000d7f80000,0x00000000d8554490,0x00000000d8780000)
  to   space 8192K, 0% used [0x00000000d8d00000,0x00000000d8d00000,0x00000000d9500000)
 ParOldGen       total 49152K, used 28704K [0x0000000080000000, 0x0000000083000000, 0x00000000d5580000)
  object space 49152K, 58% used [0x0000000080000000,0x0000000081c08100,0x0000000083000000)
 Metaspace       used 54645K, capacity 56778K, committed 57048K, reserved 1099776K
  class space    used 7198K, capacity 7649K, committed 7680K, reserved 1048576K
}
Event: 62.144 GC heap before
{Heap before GC invocations=34 (full 2):
 PSYoungGen      total 51200K, used 33217K [0x00000000d5580000, 0x00000000d9500000, 0x0000000100000000)
  eden space 43008K, 63% used [0x00000000d5580000,0x00000000d701c010,0x00000000d7f80000)
  from space 8192K, 72% used [0x00000000d7f80000,0x00000000d8554490,0x00000000d8780000)
  to   space 8192K, 0% used [0x00000000d8d00000,0x00000000d8d00000,0x00000000d9500000)
 ParOldGen       total 49152K, used 28704K [0x0000000080000000, 0x0000000083000000, 0x00000000d5580000)
  object space 49152K, 58% used [0x0000000080000000,0x0000000081c08100,0x0000000083000000)
 Metaspace       used 56628K, capacity 58890K, committed 59028K, reserved 1099776K
  class space    used 7440K, capacity 7873K, committed 7936K, reserved 1048576K
Event: 62.153 GC heap after
Heap after GC invocations=34 (full 2):
 PSYoungGen      total 56320K, used 5957K [0x00000000d5580000, 0x00000000d9600000, 0x0000000100000000)
  eden space 48128K, 0% used [0x00000000d5580000,0x00000000d5580000,0x00000000d8480000)
  from space 8192K, 72% used [0x00000000d8d00000,0x00000000d92d16b8,0x00000000d9500000)
  to   space 8704K, 0% used [0x00000000d8480000,0x00000000d8480000,0x00000000d8d00000)
 ParOldGen       total 49152K, used 28712K [0x0000000080000000, 0x0000000083000000, 0x00000000d5580000)
  object space 49152K, 58% used [0x0000000080000000,0x0000000081c0a100,0x0000000083000000)
 Metaspace       used 56628K, capacity 58890K, committed 59028K, reserved 1099776K
  class space    used 7440K, capacity 7873K, committed 7936K, reserved 1048576K
}
Event: 62.153 GC heap before
{Heap before GC invocations=35 (full 3):
 PSYoungGen      total 56320K, used 5957K [0x00000000d5580000, 0x00000000d9600000, 0x0000000100000000)
  eden space 48128K, 0% used [0x00000000d5580000,0x00000000d5580000,0x00000000d8480000)
  from space 8192K, 72% used [0x00000000d8d00000,0x00000000d92d16b8,0x00000000d9500000)
  to   space 8704K, 0% used [0x00000000d8480000,0x00000000d8480000,0x00000000d8d00000)
 ParOldGen       total 49152K, used 28712K [0x0000000080000000, 0x0000000083000000, 0x00000000d5580000)
  object space 49152K, 58% used [0x0000000080000000,0x0000000081c0a100,0x0000000083000000)
 Metaspace       used 56628K, capacity 58890K, committed 59028K, reserved 1099776K
  class space    used 7440K, capacity 7873K, committed 7936K, reserved 1048576K
Event: 62.521 GC heap after
Heap after GC invocations=35 (full 3):
 PSYoungGen      total 56320K, used 0K [0x00000000d5580000, 0x00000000d9600000, 0x0000000100000000)
  eden space 48128K, 0% used [0x00000000d5580000,0x00000000d5580000,0x00000000d8480000)
  from space 8192K, 0% used [0x00000000d8d00000,0x00000000d8d00000,0x00000000d9500000)
  to   space 8704K, 0% used [0x00000000d8480000,0x00000000d8480000,0x00000000d8d00000)
 ParOldGen       total 80384K, used 30142K [0x0000000080000000, 0x0000000084e80000, 0x00000000d5580000)
  object space 80384K, 37% used [0x0000000080000000,0x0000000081d6fa98,0x0000000084e80000)
 Metaspace       used 56600K, capacity 58812K, committed 59028K, reserved 1099776K
  class space    used 7431K, capacity 7858K, committed 7936K, reserved 1048576K
}
Event: 64.032 GC heap before
{Heap before GC invocations=36 (full 3):
 PSYoungGen      total 56320K, used 48128K [0x00000000d5580000, 0x00000000d9600000, 0x0000000100000000)
  eden space 48128K, 100% used [0x00000000d5580000,0x00000000d8480000,0x00000000d8480000)
  from space 8192K, 0% used [0x00000000d8d00000,0x00000000d8d00000,0x00000000d9500000)
  to   space 8704K, 0% used [0x00000000d8480000,0x00000000d8480000,0x00000000d8d00000)
 ParOldGen       total 80384K, used 30142K [0x0000000080000000, 0x0000000084e80000, 0x00000000d5580000)
  object space 80384K, 37% used [0x0000000080000000,0x0000000081d6fa98,0x0000000084e80000)
 Metaspace       used 58647K, capacity 61054K, committed 61144K, reserved 1101824K
  class space    used 7680K, capacity 8173K, committed 8192K, reserved 1048576K
Event: 64.156 GC heap after
Heap after GC invocations=36 (full 3):
 PSYoungGen      total 56832K, used 5590K [0x00000000d5580000, 0x00000000d9600000, 0x0000000100000000)
  eden space 48128K, 0% used [0x00000000d5580000,0x00000000d5580000,0x00000000d8480000)
  from space 8704K, 64% used [0x00000000d8480000,0x00000000d89f59d0,0x00000000d8d00000)
  to   space 8192K, 0% used [0x00000000d8d00000,0x00000000d8d00000,0x00000000d9500000)
 ParOldGen       total 80384K, used 30150K [0x0000000080000000, 0x0000000084e80000, 0x00000000d5580000)
  object space 80384K, 37% used [0x0000000080000000,0x0000000081d71a98,0x0000000084e80000)
 Metaspace       used 58647K, capacity 61054K, committed 61144K, reserved 1101824K
  class space    used 7680K, capacity 8173K, committed 8192K, reserved 1048576K
}
Event: 66.087 GC heap before
{Heap before GC invocations=37 (full 3):
 PSYoungGen      total 56832K, used 53718K [0x00000000d5580000, 0x00000000d9600000, 0x0000000100000000)
  eden space 48128K, 100% used [0x00000000d5580000,0x00000000d8480000,0x00000000d8480000)
  from space 8704K, 64% used [0x00000000d8480000,0x00000000d89f59d0,0x00000000d8d00000)
  to   space 8192K, 0% used [0x00000000d8d00000,0x00000000d8d00000,0x00000000d9500000)
 ParOldGen       total 80384K, used 30150K [0x0000000080000000, 0x0000000084e80000, 0x00000000d5580000)
  object space 80384K, 37% used [0x0000000080000000,0x0000000081d71a98,0x0000000084e80000)
 Metaspace       used 62825K, capacity 65360K, committed 65496K, reserved 1105920K
  class space    used 8398K, capacity 8913K, committed 8960K, reserved 1048576K
Event: 66.101 GC heap after
Heap after GC invocations=37 (full 3):
 PSYoungGen      total 54272K, used 8179K [0x00000000d5580000, 0x00000000da200000, 0x0000000100000000)
  eden space 46080K, 0% used [0x00000000d5580000,0x00000000d5580000,0x00000000d8280000)
  from space 8192K, 99% used [0x00000000d8d00000,0x00000000d94fcd20,0x00000000d9500000)
  to   space 10752K, 0% used [0x00000000d8280000,0x00000000d8280000,0x00000000d8d00000)
 ParOldGen       total 80384K, used 32179K [0x0000000080000000, 0x0000000084e80000, 0x00000000d5580000)
  object space 80384K, 40% used [0x0000000080000000,0x0000000081f6cee0,0x0000000084e80000)
 Metaspace       used 62825K, capacity 65360K, committed 65496K, reserved 1105920K
  class space    used 8398K, capacity 8913K, committed 8960K, reserved 1048576K
}

